<?xml version="1.0" encoding="UTF-8"?>
<!-- Generated by org.testng.reporters.JUnitReportReporter -->
<testsuite hostname="RONIT" failures="0" tests="4" name="JavaStreamsAndLambda" time="0.023" errors="0" timestamp="2024-02-26T23:14:26 IST" skipped="0">
  <testcase classname="JavaStreamsAndLambda" name="Regular" time="0.008"/>
  <system-out/>
  <testcase classname="JavaStreamsAndLambda" name="StreamMap" time="0.003"/>
  <system-out/>
  <testcase classname="JavaStreamsAndLambda" name="StreamCollect" time="0.003"/>
  <system-out/>
  <testcase classname="JavaStreamsAndLambda" name="StreamFilter" time="0.009"/>
  <system-out/>
</testsuite> <!-- JavaStreamsAndLambda -->
